<?xml version="1.0" encoding="UTF-8"?>
<TestRun id="9752510b-6ebe-4334-99fa-aecfd0674207" name="henri@HENRI-PC 2011-09-11 10:25:40" runUser="henri-PC\henri" xmlns="http://microsoft.com/schemas/VisualStudio/TeamTest/2010">
  <TestSettings name="Local" id="ee264f6e-f394-4bfe-ab1f-e6bcb46f86ba">
    <Description>These are default test settings for a local test run.</Description>
    <Deployment enabled="false" runDeploymentRoot="henri_HENRI-PC 2011-09-11 10_25_40">
      <DeploymentItem filename="C:\P R O J E T O S\invertedor.com.br\invertedor.com.br\invertedor.com.br\bin\invertedor.com.br.dll" />
    </Deployment>
    <Execution>
      <TestTypeSpecific />
      <AgentRule name="Execution Agents">
      </AgentRule>
    </Execution>
  </TestSettings>
  <Times creation="2011-09-11T10:25:40.1586980-03:00" queuing="2011-09-11T10:25:40.4657155-03:00" start="2011-09-11T10:25:40.5747218-03:00" finish="2011-09-11T10:25:41.8527949-03:00" />
  <ResultSummary outcome="Completed">
    <Counters total="5" executed="5" passed="5" error="0" failed="0" timeout="0" aborted="0" inconclusive="0" passedButRunAborted="0" notRunnable="0" notExecuted="0" disconnected="0" warning="0" completed="0" inProgress="0" pending="0" />
  </ResultSummary>
  <TestDefinitions>
    <UnitTest name="TestarParImparInvertido" storage="c:\p r o j e t o s\invertedor.com.br\invertedor.com.br\testesunitarios\bin\debug\testesunitarios.dll" id="572c31f2-b4ae-52e7-e468-b7d27e31da3e">
      <Execution id="61822da8-80a7-43d6-9a59-aec0c2d5a622" />
      <TestMethod codeBase="C:/P R O J E T O S/invertedor.com.br/invertedor.com.br/TestesUnitarios/bin/Debug/TestesUnitarios.DLL" adapterTypeName="Microsoft.VisualStudio.TestTools.TestTypes.Unit.UnitTestAdapter, Microsoft.VisualStudio.QualityTools.Tips.UnitTest.Adapter, Version=10.0.0.0, Culture=neutral, PublicKeyToken=b03f5f7f11d50a3a" className="TestesUnitarios.TestarMetodosDeDescriptografia, TestesUnitarios, Version=1.0.0.0, Culture=neutral, PublicKeyToken=null" name="TestarParImparInvertido" />
    </UnitTest>
    <UnitTest name="TestarInverter" storage="c:\p r o j e t o s\invertedor.com.br\invertedor.com.br\testesunitarios\bin\debug\testesunitarios.dll" id="4dc1ce62-917e-9d70-f434-c4647c1c48e5">
      <Execution id="d1778c74-fcd1-4279-b737-fe579e4731f2" />
      <TestMethod codeBase="C:/P R O J E T O S/invertedor.com.br/invertedor.com.br/TestesUnitarios/bin/Debug/TestesUnitarios.DLL" adapterTypeName="Microsoft.VisualStudio.TestTools.TestTypes.Unit.UnitTestAdapter, Microsoft.VisualStudio.QualityTools.Tips.UnitTest.Adapter, Version=10.0.0.0, Culture=neutral, PublicKeyToken=b03f5f7f11d50a3a" className="TestesUnitarios.TestarMetodosDeDescriptografia, TestesUnitarios, Version=1.0.0.0, Culture=neutral, PublicKeyToken=null" name="TestarInverter" />
    </UnitTest>
    <UnitTest name="TestarDescriptografarLinksInteiros" storage="c:\p r o j e t o s\invertedor.com.br\invertedor.com.br\testesunitarios\bin\debug\testesunitarios.dll" id="96674a6b-8014-d7b8-1ab1-407c737ccd0c">
      <Execution id="abcd6ff4-7597-49b6-91c7-344ce93b3958" />
      <TestMethod codeBase="C:/P R O J E T O S/invertedor.com.br/invertedor.com.br/TestesUnitarios/bin/Debug/TestesUnitarios.DLL" adapterTypeName="Microsoft.VisualStudio.TestTools.TestTypes.Unit.UnitTestAdapter, Microsoft.VisualStudio.QualityTools.Tips.UnitTest.Adapter, Version=10.0.0.0, Culture=neutral, PublicKeyToken=b03f5f7f11d50a3a" className="TestesUnitarios.TestarMetodosDeDescriptografia, TestesUnitarios, Version=1.0.0.0, Culture=neutral, PublicKeyToken=null" name="TestarDescriptografarLinksInteiros" />
    </UnitTest>
    <UnitTest name="TestarHexa" storage="c:\p r o j e t o s\invertedor.com.br\invertedor.com.br\testesunitarios\bin\debug\testesunitarios.dll" id="1b3374db-294c-b5f8-e364-7ef1b035e7ba">
      <Execution id="a2955ccb-cc7c-4b17-87f3-05b4a3341966" />
      <TestMethod codeBase="C:/P R O J E T O S/invertedor.com.br/invertedor.com.br/TestesUnitarios/bin/Debug/TestesUnitarios.DLL" adapterTypeName="Microsoft.VisualStudio.TestTools.TestTypes.Unit.UnitTestAdapter, Microsoft.VisualStudio.QualityTools.Tips.UnitTest.Adapter, Version=10.0.0.0, Culture=neutral, PublicKeyToken=b03f5f7f11d50a3a" className="TestesUnitarios.TestarMetodosDeDescriptografia, TestesUnitarios, Version=1.0.0.0, Culture=neutral, PublicKeyToken=null" name="TestarHexa" />
    </UnitTest>
    <UnitTest name="TestarBase64" storage="c:\p r o j e t o s\invertedor.com.br\invertedor.com.br\testesunitarios\bin\debug\testesunitarios.dll" id="5a97860a-7eb3-7ea3-504e-39630befbc52">
      <Execution id="a673ea48-76d2-4581-b6c8-1eaa4a022b9f" />
      <TestMethod codeBase="C:/P R O J E T O S/invertedor.com.br/invertedor.com.br/TestesUnitarios/bin/Debug/TestesUnitarios.DLL" adapterTypeName="Microsoft.VisualStudio.TestTools.TestTypes.Unit.UnitTestAdapter, Microsoft.VisualStudio.QualityTools.Tips.UnitTest.Adapter, Version=10.0.0.0, Culture=neutral, PublicKeyToken=b03f5f7f11d50a3a" className="TestesUnitarios.TestarMetodosDeDescriptografia, TestesUnitarios, Version=1.0.0.0, Culture=neutral, PublicKeyToken=null" name="TestarBase64" />
    </UnitTest>
  </TestDefinitions>
  <TestLists>
    <TestList name="Results Not in a List" id="8c84fa94-04c1-424b-9868-57a2d4851a1d" />
    <TestList name="All Loaded Results" id="19431567-8539-422a-85d7-44ee4e166bda" />
  </TestLists>
  <TestEntries>
    <TestEntry testId="1b3374db-294c-b5f8-e364-7ef1b035e7ba" executionId="a2955ccb-cc7c-4b17-87f3-05b4a3341966" testListId="8c84fa94-04c1-424b-9868-57a2d4851a1d" />
    <TestEntry testId="4dc1ce62-917e-9d70-f434-c4647c1c48e5" executionId="d1778c74-fcd1-4279-b737-fe579e4731f2" testListId="8c84fa94-04c1-424b-9868-57a2d4851a1d" />
    <TestEntry testId="572c31f2-b4ae-52e7-e468-b7d27e31da3e" executionId="61822da8-80a7-43d6-9a59-aec0c2d5a622" testListId="8c84fa94-04c1-424b-9868-57a2d4851a1d" />
    <TestEntry testId="5a97860a-7eb3-7ea3-504e-39630befbc52" executionId="a673ea48-76d2-4581-b6c8-1eaa4a022b9f" testListId="8c84fa94-04c1-424b-9868-57a2d4851a1d" />
    <TestEntry testId="96674a6b-8014-d7b8-1ab1-407c737ccd0c" executionId="abcd6ff4-7597-49b6-91c7-344ce93b3958" testListId="8c84fa94-04c1-424b-9868-57a2d4851a1d" />
  </TestEntries>
  <Results>
    <UnitTestResult executionId="a2955ccb-cc7c-4b17-87f3-05b4a3341966" testId="1b3374db-294c-b5f8-e364-7ef1b035e7ba" testName="TestarHexa" computerName="HENRI-PC" duration="00:00:00.0396514" startTime="2011-09-11T10:25:40.7257304-03:00" endTime="2011-09-11T10:25:41.6067808-03:00" testType="13cdc9d9-ddb5-4fa4-a97d-d965ccfc6d4b" outcome="Passed" testListId="8c84fa94-04c1-424b-9868-57a2d4851a1d" relativeResultsDirectory="a2955ccb-cc7c-4b17-87f3-05b4a3341966">
    </UnitTestResult>
    <UnitTestResult executionId="d1778c74-fcd1-4279-b737-fe579e4731f2" testId="4dc1ce62-917e-9d70-f434-c4647c1c48e5" testName="TestarInverter" computerName="HENRI-PC" duration="00:00:00.0007616" startTime="2011-09-11T10:25:41.6187815-03:00" endTime="2011-09-11T10:25:41.6257819-03:00" testType="13cdc9d9-ddb5-4fa4-a97d-d965ccfc6d4b" outcome="Passed" testListId="8c84fa94-04c1-424b-9868-57a2d4851a1d" relativeResultsDirectory="d1778c74-fcd1-4279-b737-fe579e4731f2">
    </UnitTestResult>
    <UnitTestResult executionId="61822da8-80a7-43d6-9a59-aec0c2d5a622" testId="572c31f2-b4ae-52e7-e468-b7d27e31da3e" testName="TestarParImparInvertido" computerName="HENRI-PC" duration="00:00:00.0018421" startTime="2011-09-11T10:25:41.6317822-03:00" endTime="2011-09-11T10:25:41.6397827-03:00" testType="13cdc9d9-ddb5-4fa4-a97d-d965ccfc6d4b" outcome="Passed" testListId="8c84fa94-04c1-424b-9868-57a2d4851a1d" relativeResultsDirectory="61822da8-80a7-43d6-9a59-aec0c2d5a622">
    </UnitTestResult>
    <UnitTestResult executionId="a673ea48-76d2-4581-b6c8-1eaa4a022b9f" testId="5a97860a-7eb3-7ea3-504e-39630befbc52" testName="TestarBase64" computerName="HENRI-PC" duration="00:00:00.0095560" startTime="2011-09-11T10:25:41.6547835-03:00" endTime="2011-09-11T10:25:41.6707844-03:00" testType="13cdc9d9-ddb5-4fa4-a97d-d965ccfc6d4b" outcome="Passed" testListId="8c84fa94-04c1-424b-9868-57a2d4851a1d" relativeResultsDirectory="a673ea48-76d2-4581-b6c8-1eaa4a022b9f">
    </UnitTestResult>
    <UnitTestResult executionId="abcd6ff4-7597-49b6-91c7-344ce93b3958" testId="96674a6b-8014-d7b8-1ab1-407c737ccd0c" testName="TestarDescriptografarLinksInteiros" computerName="HENRI-PC" duration="00:00:00.1125073" startTime="2011-09-11T10:25:41.6857853-03:00" endTime="2011-09-11T10:25:41.8037920-03:00" testType="13cdc9d9-ddb5-4fa4-a97d-d965ccfc6d4b" outcome="Passed" testListId="8c84fa94-04c1-424b-9868-57a2d4851a1d" relativeResultsDirectory="abcd6ff4-7597-49b6-91c7-344ce93b3958">
    </UnitTestResult>
  </Results>
</TestRun>